This is XeTeX, Version 3.141592653-2.6-0.999997 (TeX Live 2025) (preloaded format=xelatex 2025.10.24)  27 JAN 2026 13:24
entering extended mode
 restricted \write18 enabled.
 file:line:error style messages enabled.
 %&-line parsing enabled.
**"differential equation"
(./differential equation.tex
LaTeX2e <2024-11-01> patch level 2
L3 programming layer <2025-01-18>

./differential equation.tex:1: LaTeX hooks Error: Missing (empty) default label on line 1.
(hooks)              This command was ignored.

Type <return> to continue.
 ...                                              
                                                  
l.1 \documentclass[lang=cn,10pt][t
                                  wocol]{elegantbook}

LaTeX does not know anything more about this error, sorry.

Try typing <return> to proceed.
If that doesn't work, type X <return> to quit.



! LaTeX Error: File `.cls' not found.

Type X to quit or <RETURN> to proceed,
or enter new name. (Default extension: cls)

Enter file name: 
./differential equation.tex:1: Emergency stop.
<read *> 
         
l.1 \documentclass[lang=cn,10pt][t
                                  wocol]{elegantbook}^^M
*** (cannot \read from terminal in nonstop modes)

 
Here is how much of TeX's memory you used:
 18 strings out of 473832
 362 string characters out of 5729480
 386380 words of memory out of 5000000
 23185 multiletter control sequences out of 15000+600000
 558837 words of font info for 36 fonts, out of 8000000 for 9000
 1348 hyphenation exceptions out of 8191
 22i,0n,49p,115b,42s stack positions out of 10000i,1000n,20000p,200000b,200000s
No pages of output.
